<?xml version="1.0" encoding="UTF-8"?>
<testsuite name="demoshop.AddItemToCartTests" tests="1" skipped="0" failures="0" errors="0" timestamp="2024-11-27T21:49:06" hostname="NICKPC" time="2.184">
  <properties/>
  <testcase name="addItemtoCartTest" classname="demoshop.AddItemToCartTests" time="2.184"/>
  <system-out><![CDATA[]]></system-out>
  <system-err><![CDATA[]]></system-err>
</testsuite>
