<?xml version="1.0" encoding="UTF-8"?>
<testsuite name="demoshop.CreateAccountTests" tests="1" skipped="0" failures="0" errors="0" timestamp="2024-11-27T21:49:09" hostname="NICKPC" time="2.439">
  <properties/>
  <testcase name="newUserPositivTest" classname="demoshop.CreateAccountTests" time="2.439"/>
  <system-out><![CDATA[]]></system-out>
  <system-err><![CDATA[]]></system-err>
</testsuite>
