<?xml version="1.0" encoding="UTF-8"?>
<testsuite name="demoshop.LoginTests" tests="2" skipped="0" failures="0" errors="0" timestamp="2024-11-27T21:49:12" hostname="NICKPC" time="12.736">
  <properties/>
  <testcase name="loginNegativeTest" classname="demoshop.LoginTests" time="1.213"/>
  <testcase name="loginPositiveTest" classname="demoshop.LoginTests" time="1.478"/>
  <system-out><![CDATA[]]></system-out>
  <system-err><![CDATA[]]></system-err>
</testsuite>
