<?xml version="1.0" encoding="UTF-8"?>
<testsuite name="demoshop.CreateAccountTests" tests="1" skipped="0" failures="0" errors="0" timestamp="2024-11-27T17:27:54" hostname="NICKPC" time="2.333">
  <properties/>
  <testcase name="newUserPositivTest" classname="demoshop.CreateAccountTests" time="2.333"/>
  <system-out><![CDATA[]]></system-out>
  <system-err><![CDATA[]]></system-err>
</testsuite>
